<?xml version="1.0" encoding="UTF-8"?>
<beans xmlns="http://www.springframework.org/schema/beans"
	xmlns:xsi="http://www.w3.org/2001/XMLSchema-instance" xmlns:context="http://www.springframework.org/schema/context"
	xmlns:jpa="http://www.springframework.org/schema/data/jpa" xmlns:tx="http://www.springframework.org/schema/tx"
	xmlns:util="http://www.springframework.org/schema/util"
	xsi:schemaLocation="http://www.springframework.org/schema/beans http://www.springframework.org/schema/beans/spring-beans-4.1.xsd
						   http://www.springframework.org/schema/context http://www.springframework.org/schema/context/spring-context-4.1.xsd
						   http://www.springframework.org/schema/data/jpa http://www.springframework.org/schema/data/jpa/spring-jpa-1.8.xsd
						   http://www.springframework.org/schema/tx http://www.springframework.org/schema/tx/spring-tx-4.1.xsd
						   http://www.springframework.org/schema/util http://www.springframework.org/schema/util/spring-util-4.1.xsd">

  <import resource="test-properties-context.xml"/>
  <import resource="dozerContext.xml"/>

	<context:annotation-config/>

	<context:component-scan base-package="org.cccnext.tesuto.springboot.service">
	</context:component-scan>


    <bean id="applicationProperties" class="org.springframework.beans.factory.config.PropertiesFactoryBean">
        <property name="locations">
            <list>
                <value>classpath*:application.properties</value>
            </list>
        </property>
    </bean>
	<bean id="bCryptPasswordEncoderWrapper" class="org.cccnext.tesuto.springboot.web.security.BCryptPasswordEncoderWrapper"/>
</beans>