<?xml version="1.0" encoding="UTF-8"?>
<beans xmlns="http://www.springframework.org/schema/beans"
	xmlns:xsi="http://www.w3.org/2001/XMLSchema-instance"
	xmlns:mongo="http://www.springframework.org/schema/data/mongo"
	xmlns:jpa="http://www.springframework.org/schema/data/jpa"
	xmlns:util="http://www.springframework.org/schema/util"
	xmlns:context="http://www.springframework.org/schema/context"
	xsi:schemaLocation="http://www.springframework.org/schema/beans http://www.springframework.org/schema/beans/spring-beans-4.1.xsd
                               http://www.springframework.org/schema/data/mongo http://www.springframework.org/schema/data/mongo/spring-mongo-1.8.xsd
                               http://www.springframework.org/schema/data/jpa http://www.springframework.org/schema/data/jpa/spring-jpa-1.8.xsd
                               http://www.springframework.org/schema/util http://www.springframework.org/schema/util/spring-util-4.1.xsd
                               http://www.springframework.org/schema/context
		                       http://www.springframework.org/schema/context/spring-context-4.1.xsd">


	<context:annotation-config />

	<import resource="test-properties-context.xml" />
	<import resource="dozerContext.xml" />
	<import resource="mongo-context.xml" />
	<import resource="domain-context.xml" />

	<context:component-scan base-package="org.cccnext.tesuto.reports" />
	<context:component-scan base-package="org.cccnext.tesuto.content" >
		<context:exclude-filter type="regex" expression="org.cccnext.tesuto.content.client.*"/>
	</context:component-scan>
	
	<context:component-scan base-package="org.cccnext.tesuto.client" />
	
	<context:component-scan base-package="org.cccnext.tesuto.admin" >
		<context:exclude-filter type="regex" expression="org.cccnext.tesuto.admin.client.*"/>
		<context:exclude-filter type="regex" expression="org.cccnext.tesuto.admin.qa.*"/>
	</context:component-scan>  
	
	<context:component-scan base-package="org.cccnext.tesuto.user" ></context:component-scan>
	
	<context:component-scan base-package="org.cccnext.tesuto.activation.client" />                  
	
	
	<context:component-scan base-package="org.cccnext.tesuto.domain.util">
	</context:component-scan>
	
	<bean id="assessmentSessionDao"
		  class="org.cccnext.tesuto.delivery.service.AssessmentSessionMongoDao" />
	
	
	<bean id="taskSetDao"
		  class="org.cccnext.tesuto.delivery.service.TaskSetMongoDao" />
	
	  
	
	<bean id="placementRequestor" class="org.cccnext.tesuto.placement.client.PlacementRequestRestClient" />
	<bean id="restTemplate" class="org.springframework.web.client.RestTemplate" />
    <bean id="passwordEncoder"
		class="org.springframework.security.crypto.bcrypt.BCryptPasswordEncoder" />
		
	<bean id="dao"
        class="org.cccnext.tesuto.delivery.service.AssessmentSessionMongoDao" />

    <bean id="assessmentItemReader"
        class="org.cccnext.tesuto.reports.stub.AssessmentItemServiceStub" />

    <bean id="assessmentReader"
        class="org.cccnext.tesuto.reports.stub.AssessmentServiceStub" />


    <bean id="categoryService"
          class="org.cccnext.tesuto.reports.stub.CategoryServiceStub" />

    <bean id="psychometricsCalculationService"
          class="org.cccnext.tesuto.delivery.service.PsychometricsCalculationServiceImpl" />

    <bean id="outcomeProcessingService"
          class="org.cccnext.tesuto.delivery.service.scoring.OutcomeProcessingServiceImpl" >
        <property name="assessmentItemReader" ref="assessmentItemReader" />
        <property name="categoryReader" ref="categoryService" />
        <property name="psychometricsCalculationService" ref="psychometricsCalculationService" />
        <property name="dao" ref="assessmentSessionDao" />
    </bean>

    <bean id="scoringService"
        class="org.cccnext.tesuto.delivery.service.scoring.AssessmentItemScoringServiceImpl" />

    <bean id="childExpressionEvaluationService" class="org.cccnext.tesuto.delivery.service.ChildExpressionEvaluationServiceDelivery" />

    <bean id="expressionEvaluationService" class="org.cccnext.tesuto.content.service.scoring.ExpressionEvaluationService">
        <property name="childExpressionEvaluationService" ref="childExpressionEvaluationService" />
    </bean>

    <bean id="selectionService"
          class="org.cccnext.tesuto.delivery.service.SelectionServiceImpl" />

    <bean id="taskSetService" class="org.cccnext.tesuto.delivery.service.TaskSetService">
        <property name="scoringService" ref="scoringService" />
        <property name="assessmentItemReader" ref="assessmentItemReader" />
        <property name="expressionEvaluationService" ref="expressionEvaluationService" />
        <property name="categoryReader" ref="categoryService" />
        <property name="selectionService" ref="selectionService" />
        <property name="taskSetDao" ref="taskSetDao"/>
    </bean>
    <!-- Choose only "s3 or "local" but not both! -->
	<beans profile="s3">
		<bean id="staticReportStorage" name="staticReportStorage"
			class="org.cccnext.tesuto.reports.service.S3ReportStorage">
		</bean>
	</beans>
	<beans profile="local">
		<bean id="staticReportStorage" name="staticReportStorage"
			class="org.cccnext.tesuto.reports.service.LocalReportStorage">
		</bean>
	</beans>
	
	
 </beans>



