<?xml version="1.0" encoding="UTF-8"?>
<beans xmlns="http://www.springframework.org/schema/beans"
	xmlns:xsi="http://www.w3.org/2001/XMLSchema-instance" xmlns:util="http://www.springframework.org/schema/util"
	xsi:schemaLocation="http://www.springframework.org/schema/beans http://www.springframework.org/schema/beans/spring-beans-4.1.xsd
                        http://www.springframework.org/schema/util http://www.springframework.org/schema/util/spring-util-4.1.xsd">


	<bean id="applicationProperties"
		class="org.springframework.beans.factory.config.PropertiesFactoryBean">
		<property name="locations">
			<util:list>
				<value>classpath*:application.properties</value>
				<value>classpath*:test-application.properties</value>
				<value>classpath*:config/application.properties</value>
			</util:list>
		</property>
	</bean>

	<bean id="propertyConfigurer"
		class="org.springframework.beans.factory.config.PropertyPlaceholderConfigurer">
		<property name="systemPropertiesModeName" value="SYSTEM_PROPERTIES_MODE_OVERRIDE" />
		<property name="propertiesArray">
			<list>
				<bean id="applicationProperties"
					class="org.springframework.beans.factory.config.PropertiesFactoryBean">
					<property name="locations">
						<util:list>
							<value>classpath*:application.properties</value>
							<value>classpath*:test-application.properties</value>
							<value>classpath*:config/application.properties</value>
						</util:list>
					</property>
				</bean>
			</list>
		</property>
		<property name="ignoreUnresolvablePlaceholders" value="true" />
	</bean>

</beans>

