<?xml version="1.0" encoding="UTF-8"?>
<beans xmlns="http://www.springframework.org/schema/beans"
    xmlns:xsi="http://www.w3.org/2001/XMLSchema-instance" xmlns:context="http://www.springframework.org/schema/context"
    xmlns:mongo="http://www.springframework.org/schema/data/mongo"
    xsi:schemaLocation="http://www.springframework.org/schema/beans
        http://www.springframework.org/schema/beans/spring-beans.xsd
        http://www.springframework.org/schema/context
        http://www.springframework.org/schema/context/spring-context.xsd
        http://www.springframework.org/schema/data/mongo
        http://www.springframework.org/schema/data/mongo/spring-mongo.xsd">


    <bean id="mongoSeedListID" class="java.util.ArrayList">
        <constructor-arg>
            <list>
                <ref bean="mongoSeedlID" />
            </list>
        </constructor-arg>
    </bean>

    <bean id="mongoSeedlID" class="com.mongodb.ServerAddress">
        <constructor-arg type="java.lang.String" name="host"
            value="${MONGO_HOST_1}" />
        <constructor-arg type="int" name="port" value="${MONGO_PORT_1}" />
    </bean>

    <bean id="mongoCredentialListID" class="java.util.ArrayList">
        <constructor-arg>
            <list>
                <ref bean="mongoCredentialID" />
            </list>
        </constructor-arg>
    </bean>

    <bean id="mongoCredentialID" class="com.mongodb.MongoCredential">
        <constructor-arg name="mechanism"
            value="#{T(com.mongodb.AuthenticationMechanism).SCRAM_SHA_1}" />
        <constructor-arg type="java.lang.String" name="userName"
            value="${MONGO_USER}" />
        <constructor-arg type="java.lang.String" name="source"
            value="${MONGO_AUTHENTICATION_DBNAME}" />
        <constructor-arg type="char[]" name="password" value="${MONGO_PASSWORD}" />
    </bean>

    <bean id="mongoClientID" class="com.mongodb.MongoClient">
        <constructor-arg ref="mongoSeedListID" />
        <constructor-arg ref="mongoCredentialID" />
    </bean>

    <bean id="mongoDbFactory"
        class="org.springframework.data.mongodb.core.SimpleMongoDbFactory">
        <constructor-arg ref="mongoClientID" />
        <constructor-arg name="databaseName" value="${MONGO_DBNAME}" />
    </bean>

    <bean class="org.springframework.data.mongodb.core.MongoFactoryBean"
        id="mongo">
        <property name="host" value="${MONGO_HOST_1}" />
        <property name="port" value="${MONGO_PORT_1}" />
    </bean>

    <bean id="mongoTemplate" class="org.springframework.data.mongodb.core.MongoTemplate">
        <constructor-arg ref="mongoDbFactory" />
    </bean>

</beans>