<?xml version="1.0" encoding="UTF-8"?>
<beans xmlns="http://www.springframework.org/schema/beans"
	xmlns:xsi="http://www.w3.org/2001/XMLSchema-instance"
	xmlns:mongo="http://www.springframework.org/schema/data/mongo"
	xmlns:util="http://www.springframework.org/schema/util"
	xmlns:context="http://www.springframework.org/schema/context"
	xsi:schemaLocation="http://www.springframework.org/schema/beans http://www.springframework.org/schema/beans/spring-beans-4.1.xsd
                               http://www.springframework.org/schema/data/mongo http://www.springframework.org/schema/data/mongo/spring-mongo-1.8.xsd
                               http://www.springframework.org/schema/util http://www.springframework.org/schema/util/spring-util-4.1.xsd
                               http://www.springframework.org/schema/context
                               http://www.springframework.org/schema/context/spring-context-4.1.xsd">
	 <import resource="dozerContext.xml"/>
 	 <import resource="test-properties-context.xml"/>
  
	<context:annotation-config />

	<context:component-scan base-package="org.cccnext.tesuto.rules">
		<context:exclude-filter type="regex" expression="org.cccnext.tesuto.rules.client.*"/>
	</context:component-scan>
	
	<context:component-scan base-package="org.cccnext.tesuto.admin.client"/>
	<!--  
	<context:component-scan base-package="org.cccnext.tesuto.rules">
		<context:exclude-filter type="regex" expression="org.cccnext.tesuto.rules.client.*"/>
	</context:component-scan>
-->
 
 
 	<bean primary="true" id="placementReader" class="org.cccnext.tesuto.rules.stub.PlacementReaderStub" />
	<bean id="restTemplate" class="org.springframework.web.client.RestTemplate" />

  	<bean class="org.dozer.spring.DozerBeanMapperFactoryBean">
		<property name="mappingFiles" value="classpath*:/*mapping.xml" />
	</bean>
	
	 <bean class="com.fasterxml.jackson.databind.ObjectMapper" />

</beans>
